<?xml version="1.0" encoding="UTF-8"?>
<!-- Generated by org.testng.reporters.JUnitReportReporter -->
<testsuite hostname="DESKTOP-U090VGU" failures="0" tests="1" name="modernization.web.AppTest" time="0.930" errors="0" timestamp="2024-08-16T08:03:27 IST" skipped="0">
  <testcase classname="modernization.web.AppTest" name="shouldAnswerWithTrue" time="0.930"/>
</testsuite> <!-- modernization.web.AppTest -->
